<?xml version='1.0' encoding='UTF-8'?>
<testsuite hostname="gimjaehoui-MacBookPro.local" name="recfun.BalanceSuite" tests="4" errors="0" failures="0" skipped="0" time="0.03" timestamp="2021-04-04T16:20:54">
                     <properties>
[...]
</properties>
                     <testcase classname="recfun.BalanceSuite" name="balance: '(if (zero? x) max (/ 1 x))' is balanced" time="0.021">
                                                 
                                               </testcase><testcase classname="recfun.BalanceSuite" name="balance: 'I told him ...' is balanced" time="0.008">
                                                 
                                               </testcase><testcase classname="recfun.BalanceSuite" name="balance: ':-)' is unbalanced" time="0.001">
                                                 
                                               </testcase><testcase classname="recfun.BalanceSuite" name="balance: counting is not enough" time="0.0">
                                                 
                                               </testcase>
                     <system-out><![CDATA[]]></system-out>
                     <system-err><![CDATA[]]></system-err>
                   </testsuite>